[05-Apr-2018 17:30:22] PHP Warning:  file_get_contents(/home1/tltsecure/apache2/htdocs/bookMaker/localData/admins.json) [<a href='function.file-get-contents'>function.file-get-contents</a>]: failed to open stream: No such file or directory in /home1/tltsecure/apache2/htdocs/bookMaker/sourceFiles/api/isAdmin.php on line 9
[05-Apr-2018 17:30:22] PHP Notice:  Trying to get property of non-object in /home1/tltsecure/apache2/htdocs/bookMaker/sourceFiles/api/isAdmin.php on line 11
[05-Apr-2018 17:30:22] PHP Warning:  in_array() expects parameter 2 to be array, null given in /home1/tltsecure/apache2/htdocs/bookMaker/sourceFiles/api/isAdmin.php on line 11
[05-Apr-2018 17:30:22] PHP Notice:  Trying to get property of non-object in /home1/tltsecure/apache2/htdocs/bookMaker/sourceFiles/api/isAdmin.php on line 12
[05-Apr-2018 17:30:22] PHP Warning:  in_array() expects parameter 2 to be array, null given in /home1/tltsecure/apache2/htdocs/bookMaker/sourceFiles/api/isAdmin.php on line 12
[05-Apr-2018 17:30:22] PHP Warning:  file_get_contents(/home1/tltsecure/apache2/htdocs/bookMaker/localData/admins.json) [<a href='function.file-get-contents'>function.file-get-contents</a>]: failed to open stream: No such file or directory in /home1/tltsecure/apache2/htdocs/bookMaker/sourceFiles/api/isAdmin.php on line 9
[05-Apr-2018 17:30:22] PHP Notice:  Trying to get property of non-object in /home1/tltsecure/apache2/htdocs/bookMaker/sourceFiles/api/isAdmin.php on line 11
[05-Apr-2018 17:30:22] PHP Warning:  in_array() expects parameter 2 to be array, null given in /home1/tltsecure/apache2/htdocs/bookMaker/sourceFiles/api/isAdmin.php on line 11
[05-Apr-2018 17:30:22] PHP Notice:  Trying to get property of non-object in /home1/tltsecure/apache2/htdocs/bookMaker/sourceFiles/api/isAdmin.php on line 12
[05-Apr-2018 17:30:22] PHP Warning:  in_array() expects parameter 2 to be array, null given in /home1/tltsecure/apache2/htdocs/bookMaker/sourceFiles/api/isAdmin.php on line 12
[05-Apr-2018 17:30:22] PHP Warning:  file_get_contents(/home1/tltsecure/apache2/htdocs/bookMaker/localData/admins.json) [<a href='function.file-get-contents'>function.file-get-contents</a>]: failed to open stream: No such file or directory in /home1/tltsecure/apache2/htdocs/bookMaker/sourceFiles/api/isAdmin.php on line 9
[05-Apr-2018 17:30:22] PHP Notice:  Trying to get property of non-object in /home1/tltsecure/apache2/htdocs/bookMaker/sourceFiles/api/isAdmin.php on line 11
[05-Apr-2018 17:30:22] PHP Warning:  file_get_contents(/home1/tltsecure/apache2/htdocs/bookMaker/localData/admins.json) [<a href='function.file-get-contents'>function.file-get-contents</a>]: failed to open stream: No such file or directory in /home1/tltsecure/apache2/htdocs/bookMaker/sourceFiles/api/isAdmin.php on line 9
[05-Apr-2018 17:30:22] PHP Warning:  in_array() expects parameter 2 to be array, null given in /home1/tltsecure/apache2/htdocs/bookMaker/sourceFiles/api/isAdmin.php on line 11
[05-Apr-2018 17:30:22] PHP Notice:  Trying to get property of non-object in /home1/tltsecure/apache2/htdocs/bookMaker/sourceFiles/api/isAdmin.php on line 11
[05-Apr-2018 17:30:22] PHP Notice:  Trying to get property of non-object in /home1/tltsecure/apache2/htdocs/bookMaker/sourceFiles/api/isAdmin.php on line 12
[05-Apr-2018 17:30:22] PHP Warning:  in_array() expects parameter 2 to be array, null given in /home1/tltsecure/apache2/htdocs/bookMaker/sourceFiles/api/isAdmin.php on line 12
[05-Apr-2018 17:30:22] PHP Warning:  in_array() expects parameter 2 to be array, null given in /home1/tltsecure/apache2/htdocs/bookMaker/sourceFiles/api/isAdmin.php on line 11
[05-Apr-2018 17:30:22] PHP Notice:  Trying to get property of non-object in /home1/tltsecure/apache2/htdocs/bookMaker/sourceFiles/api/isAdmin.php on line 12
[05-Apr-2018 17:30:22] PHP Warning:  in_array() expects parameter 2 to be array, null given in /home1/tltsecure/apache2/htdocs/bookMaker/sourceFiles/api/isAdmin.php on line 12
[05-Apr-2018 17:30:22] PHP Warning:  file_get_contents(/home1/tltsecure/apache2/htdocs/bookMaker/localData/admins.json) [<a href='function.file-get-contents'>function.file-get-contents</a>]: failed to open stream: No such file or directory in /home1/tltsecure/apache2/htdocs/bookMaker/sourceFiles/api/isAdmin.php on line 9
[05-Apr-2018 17:30:22] PHP Notice:  Trying to get property of non-object in /home1/tltsecure/apache2/htdocs/bookMaker/sourceFiles/api/isAdmin.php on line 11
[05-Apr-2018 17:30:22] PHP Warning:  in_array() expects parameter 2 to be array, null given in /home1/tltsecure/apache2/htdocs/bookMaker/sourceFiles/api/isAdmin.php on line 11
[05-Apr-2018 17:30:22] PHP Notice:  Trying to get property of non-object in /home1/tltsecure/apache2/htdocs/bookMaker/sourceFiles/api/isAdmin.php on line 12
[05-Apr-2018 17:30:22] PHP Warning:  in_array() expects parameter 2 to be array, null given in /home1/tltsecure/apache2/htdocs/bookMaker/sourceFiles/api/isAdmin.php on line 12
[05-Apr-2018 17:30:22] PHP Warning:  file_get_contents(/home1/tltsecure/apache2/htdocs/bookMaker/localData/admins.json) [<a href='function.file-get-contents'>function.file-get-contents</a>]: failed to open stream: No such file or directory in /home1/tltsecure/apache2/htdocs/bookMaker/sourceFiles/api/isAdmin.php on line 9
[05-Apr-2018 17:30:22] PHP Notice:  Trying to get property of non-object in /home1/tltsecure/apache2/htdocs/bookMaker/sourceFiles/api/isAdmin.php on line 11
[05-Apr-2018 17:30:22] PHP Warning:  in_array() expects parameter 2 to be array, null given in /home1/tltsecure/apache2/htdocs/bookMaker/sourceFiles/api/isAdmin.php on line 11
[05-Apr-2018 17:30:22] PHP Notice:  Trying to get property of non-object in /home1/tltsecure/apache2/htdocs/bookMaker/sourceFiles/api/isAdmin.php on line 12
[05-Apr-2018 17:30:22] PHP Warning:  in_array() expects parameter 2 to be array, null given in /home1/tltsecure/apache2/htdocs/bookMaker/sourceFiles/api/isAdmin.php on line 12
[05-Apr-2018 17:30:22] PHP Warning:  file_get_contents(/home1/tltsecure/apache2/htdocs/bookMaker/localData/admins.json) [<a href='function.file-get-contents'>function.file-get-contents</a>]: failed to open stream: No such file or directory in /home1/tltsecure/apache2/htdocs/bookMaker/sourceFiles/api/isAdmin.php on line 9
[05-Apr-2018 17:30:22] PHP Notice:  Trying to get property of non-object in /home1/tltsecure/apache2/htdocs/bookMaker/sourceFiles/api/isAdmin.php on line 11
[05-Apr-2018 17:30:22] PHP Warning:  in_array() expects parameter 2 to be array, null given in /home1/tltsecure/apache2/htdocs/bookMaker/sourceFiles/api/isAdmin.php on line 11
[05-Apr-2018 17:30:22] PHP Notice:  Trying to get property of non-object in /home1/tltsecure/apache2/htdocs/bookMaker/sourceFiles/api/isAdmin.php on line 12
[05-Apr-2018 17:30:22] PHP Warning:  in_array() expects parameter 2 to be array, null given in /home1/tltsecure/apache2/htdocs/bookMaker/sourceFiles/api/isAdmin.php on line 12
[05-Apr-2018 17:30:22] PHP Warning:  file_get_contents(/home1/tltsecure/apache2/htdocs/bookMaker/localData/admins.json) [<a href='function.file-get-contents'>function.file-get-contents</a>]: failed to open stream: No such file or directory in /home1/tltsecure/apache2/htdocs/bookMaker/sourceFiles/api/isAdmin.php on line 9
[05-Apr-2018 17:30:22] PHP Notice:  Trying to get property of non-object in /home1/tltsecure/apache2/htdocs/bookMaker/sourceFiles/api/isAdmin.php on line 11
[05-Apr-2018 17:30:22] PHP Warning:  in_array() expects parameter 2 to be array, null given in /home1/tltsecure/apache2/htdocs/bookMaker/sourceFiles/api/isAdmin.php on line 11
[05-Apr-2018 17:30:22] PHP Notice:  Trying to get property of non-object in /home1/tltsecure/apache2/htdocs/bookMaker/sourceFiles/api/isAdmin.php on line 12
[05-Apr-2018 17:30:22] PHP Warning:  in_array() expects parameter 2 to be array, null given in /home1/tltsecure/apache2/htdocs/bookMaker/sourceFiles/api/isAdmin.php on line 12
[05-Apr-2018 17:30:22] PHP Warning:  file_get_contents(/home1/tltsecure/apache2/htdocs/bookMaker/localData/admins.json) [<a href='function.file-get-contents'>function.file-get-contents</a>]: failed to open stream: No such file or directory in /home1/tltsecure/apache2/htdocs/bookMaker/sourceFiles/api/isAdmin.php on line 9
[05-Apr-2018 17:30:22] PHP Notice:  Trying to get property of non-object in /home1/tltsecure/apache2/htdocs/bookMaker/sourceFiles/api/isAdmin.php on line 11
[05-Apr-2018 17:30:22] PHP Warning:  in_array() expects parameter 2 to be array, null given in /home1/tltsecure/apache2/htdocs/bookMaker/sourceFiles/api/isAdmin.php on line 11
[05-Apr-2018 17:30:22] PHP Notice:  Trying to get property of non-object in /home1/tltsecure/apache2/htdocs/bookMaker/sourceFiles/api/isAdmin.php on line 12
[05-Apr-2018 17:30:22] PHP Warning:  in_array() expects parameter 2 to be array, null given in /home1/tltsecure/apache2/htdocs/bookMaker/sourceFiles/api/isAdmin.php on line 12
[05-Apr-2018 17:30:22] PHP Warning:  file_get_contents(/home1/tltsecure/apache2/htdocs/bookMaker/localData/admins.json) [<a href='function.file-get-contents'>function.file-get-contents</a>]: failed to open stream: No such file or directory in /home1/tltsecure/apache2/htdocs/bookMaker/sourceFiles/api/isAdmin.php on line 9
[05-Apr-2018 17:30:22] PHP Notice:  Trying to get property of non-object in /home1/tltsecure/apache2/htdocs/bookMaker/sourceFiles/api/isAdmin.php on line 11
[05-Apr-2018 17:30:22] PHP Warning:  in_array() expects parameter 2 to be array, null given in /home1/tltsecure/apache2/htdocs/bookMaker/sourceFiles/api/isAdmin.php on line 11
[05-Apr-2018 17:30:22] PHP Notice:  Trying to get property of non-object in /home1/tltsecure/apache2/htdocs/bookMaker/sourceFiles/api/isAdmin.php on line 12
[05-Apr-2018 17:30:22] PHP Warning:  in_array() expects parameter 2 to be array, null given in /home1/tltsecure/apache2/htdocs/bookMaker/sourceFiles/api/isAdmin.php on line 12
[05-Apr-2018 17:33:43] PHP Warning:  file_get_contents(/home1/tltsecure/apache2/htdocs/bookMaker/IntroToECGInterpretation/sourceFiles/localData/admins.json) [<a href='function.file-get-contents'>function.file-get-contents</a>]: failed to open stream: No such file or directory in /home1/tltsecure/apache2/htdocs/bookMaker/sourceFiles/api/isAdmin.php on line 7
[05-Apr-2018 17:33:43] PHP Notice:  Trying to get property of non-object in /home1/tltsecure/apache2/htdocs/bookMaker/sourceFiles/api/isAdmin.php on line 9
[05-Apr-2018 17:33:43] PHP Warning:  in_array() expects parameter 2 to be array, null given in /home1/tltsecure/apache2/htdocs/bookMaker/sourceFiles/api/isAdmin.php on line 9
[05-Apr-2018 17:33:43] PHP Notice:  Trying to get property of non-object in /home1/tltsecure/apache2/htdocs/bookMaker/sourceFiles/api/isAdmin.php on line 10
[05-Apr-2018 17:33:43] PHP Warning:  in_array() expects parameter 2 to be array, null given in /home1/tltsecure/apache2/htdocs/bookMaker/sourceFiles/api/isAdmin.php on line 10
[05-Apr-2018 17:56:04] PHP Notice:  Undefined variable: structure in /home1/tltsecure/apache2/htdocs/bookMaker/sourceFiles/api/isAdmin.php on line 5
[05-Apr-2018 17:56:04] PHP Warning:  file_get_contents(/localData/admins.json) [<a href='function.file-get-contents'>function.file-get-contents</a>]: failed to open stream: No such file or directory in /home1/tltsecure/apache2/htdocs/bookMaker/sourceFiles/api/isAdmin.php on line 8
[05-Apr-2018 17:56:04] PHP Notice:  Trying to get property of non-object in /home1/tltsecure/apache2/htdocs/bookMaker/sourceFiles/api/isAdmin.php on line 10
[05-Apr-2018 17:56:04] PHP Warning:  in_array() expects parameter 2 to be array, null given in /home1/tltsecure/apache2/htdocs/bookMaker/sourceFiles/api/isAdmin.php on line 10
[05-Apr-2018 17:56:04] PHP Notice:  Trying to get property of non-object in /home1/tltsecure/apache2/htdocs/bookMaker/sourceFiles/api/isAdmin.php on line 11
[05-Apr-2018 17:56:04] PHP Warning:  in_array() expects parameter 2 to be array, null given in /home1/tltsecure/apache2/htdocs/bookMaker/sourceFiles/api/isAdmin.php on line 11
