[03-Jan-2019 15:24:36] PHP Warning:  file_get_contents(/home1/tltsecure/apache2/htdocs/bookMaker/BiophysicalAgentsInPhysicalTherapy/Sections/Ch1/localData/admins.json) [<a href='function.file-get-contents'>function.file-get-contents</a>]: failed to open stream: No such file or directory in /home1/tltsecure/apache2/htdocs/bookMaker/sourceFiles/api/isAdmin.php on line 8
[03-Jan-2019 15:24:36] PHP Notice:  Trying to get property of non-object in /home1/tltsecure/apache2/htdocs/bookMaker/sourceFiles/api/isAdmin.php on line 10
[03-Jan-2019 15:24:36] PHP Warning:  in_array() expects parameter 2 to be array, null given in /home1/tltsecure/apache2/htdocs/bookMaker/sourceFiles/api/isAdmin.php on line 10
[03-Jan-2019 15:24:36] PHP Notice:  Trying to get property of non-object in /home1/tltsecure/apache2/htdocs/bookMaker/sourceFiles/api/isAdmin.php on line 11
[03-Jan-2019 15:24:36] PHP Warning:  in_array() expects parameter 2 to be array, null given in /home1/tltsecure/apache2/htdocs/bookMaker/sourceFiles/api/isAdmin.php on line 11
[03-Jan-2019 15:24:42] PHP Warning:  file_get_contents(/home1/tltsecure/apache2/htdocs/bookMaker/BiophysicalAgentsInPhysicalTherapy/Sections/Ch1/localData/admins.json) [<a href='function.file-get-contents'>function.file-get-contents</a>]: failed to open stream: No such file or directory in /home1/tltsecure/apache2/htdocs/bookMaker/sourceFiles/api/isAdmin.php on line 8
[03-Jan-2019 15:24:42] PHP Notice:  Trying to get property of non-object in /home1/tltsecure/apache2/htdocs/bookMaker/sourceFiles/api/isAdmin.php on line 10
[03-Jan-2019 15:24:42] PHP Warning:  in_array() expects parameter 2 to be array, null given in /home1/tltsecure/apache2/htdocs/bookMaker/sourceFiles/api/isAdmin.php on line 10
[03-Jan-2019 15:24:42] PHP Notice:  Trying to get property of non-object in /home1/tltsecure/apache2/htdocs/bookMaker/sourceFiles/api/isAdmin.php on line 11
[03-Jan-2019 15:24:42] PHP Warning:  in_array() expects parameter 2 to be array, null given in /home1/tltsecure/apache2/htdocs/bookMaker/sourceFiles/api/isAdmin.php on line 11
[03-Jan-2019 15:24:42] PHP Warning:  file_get_contents(/home1/tltsecure/apache2/htdocs/bookMaker/BiophysicalAgentsInPhysicalTherapy/Sections/Ch1/localData/admins.json) [<a href='function.file-get-contents'>function.file-get-contents</a>]: failed to open stream: No such file or directory in /home1/tltsecure/apache2/htdocs/bookMaker/sourceFiles/api/isAdmin.php on line 8
[03-Jan-2019 15:24:42] PHP Notice:  Trying to get property of non-object in /home1/tltsecure/apache2/htdocs/bookMaker/sourceFiles/api/isAdmin.php on line 10
[03-Jan-2019 15:24:42] PHP Warning:  in_array() expects parameter 2 to be array, null given in /home1/tltsecure/apache2/htdocs/bookMaker/sourceFiles/api/isAdmin.php on line 10
[03-Jan-2019 15:24:42] PHP Notice:  Trying to get property of non-object in /home1/tltsecure/apache2/htdocs/bookMaker/sourceFiles/api/isAdmin.php on line 11
[03-Jan-2019 15:24:42] PHP Warning:  in_array() expects parameter 2 to be array, null given in /home1/tltsecure/apache2/htdocs/bookMaker/sourceFiles/api/isAdmin.php on line 11
[03-Jan-2019 15:24:43] PHP Warning:  file_get_contents(/home1/tltsecure/apache2/htdocs/bookMaker/BiophysicalAgentsInPhysicalTherapy/Sections/Ch1/localData/admins.json) [<a href='function.file-get-contents'>function.file-get-contents</a>]: failed to open stream: No such file or directory in /home1/tltsecure/apache2/htdocs/bookMaker/sourceFiles/api/isAdmin.php on line 8
[03-Jan-2019 15:24:43] PHP Notice:  Trying to get property of non-object in /home1/tltsecure/apache2/htdocs/bookMaker/sourceFiles/api/isAdmin.php on line 10
[03-Jan-2019 15:24:43] PHP Warning:  in_array() expects parameter 2 to be array, null given in /home1/tltsecure/apache2/htdocs/bookMaker/sourceFiles/api/isAdmin.php on line 10
[03-Jan-2019 15:24:43] PHP Notice:  Trying to get property of non-object in /home1/tltsecure/apache2/htdocs/bookMaker/sourceFiles/api/isAdmin.php on line 11
[03-Jan-2019 15:24:43] PHP Warning:  in_array() expects parameter 2 to be array, null given in /home1/tltsecure/apache2/htdocs/bookMaker/sourceFiles/api/isAdmin.php on line 11
[03-Jan-2019 15:24:52] PHP Warning:  file_get_contents(/home1/tltsecure/apache2/htdocs/bookMaker/BiophysicalAgentsInPhysicalTherapy/Sections/Ch1/localData/admins.json) [<a href='function.file-get-contents'>function.file-get-contents</a>]: failed to open stream: No such file or directory in /home1/tltsecure/apache2/htdocs/bookMaker/sourceFiles/api/isAdmin.php on line 8
[03-Jan-2019 15:24:52] PHP Notice:  Trying to get property of non-object in /home1/tltsecure/apache2/htdocs/bookMaker/sourceFiles/api/isAdmin.php on line 10
[03-Jan-2019 15:24:52] PHP Warning:  in_array() expects parameter 2 to be array, null given in /home1/tltsecure/apache2/htdocs/bookMaker/sourceFiles/api/isAdmin.php on line 10
[03-Jan-2019 15:24:52] PHP Notice:  Trying to get property of non-object in /home1/tltsecure/apache2/htdocs/bookMaker/sourceFiles/api/isAdmin.php on line 11
[03-Jan-2019 15:24:52] PHP Warning:  in_array() expects parameter 2 to be array, null given in /home1/tltsecure/apache2/htdocs/bookMaker/sourceFiles/api/isAdmin.php on line 11
[03-Jan-2019 15:25:14] PHP Warning:  file_get_contents(/home1/tltsecure/apache2/htdocs/bookMaker/BiophysicalAgentsInPhysicalTherapy/Sections/Ch1/localData/admins.json) [<a href='function.file-get-contents'>function.file-get-contents</a>]: failed to open stream: No such file or directory in /home1/tltsecure/apache2/htdocs/bookMaker/sourceFiles/api/isAdmin.php on line 8
[03-Jan-2019 15:25:14] PHP Notice:  Trying to get property of non-object in /home1/tltsecure/apache2/htdocs/bookMaker/sourceFiles/api/isAdmin.php on line 10
[03-Jan-2019 15:25:14] PHP Warning:  in_array() expects parameter 2 to be array, null given in /home1/tltsecure/apache2/htdocs/bookMaker/sourceFiles/api/isAdmin.php on line 10
[03-Jan-2019 15:25:14] PHP Notice:  Trying to get property of non-object in /home1/tltsecure/apache2/htdocs/bookMaker/sourceFiles/api/isAdmin.php on line 11
[03-Jan-2019 15:25:14] PHP Warning:  in_array() expects parameter 2 to be array, null given in /home1/tltsecure/apache2/htdocs/bookMaker/sourceFiles/api/isAdmin.php on line 11
[18-Dec-2019 13:06:10] PHP Warning:  file_get_contents(/home1/tltsecure/apache2/htdocs/bookMaker/BiophysicalAgentsInPhysicalTherapy/Sections/Ch1/localData/admins.json) [<a href='function.file-get-contents'>function.file-get-contents</a>]: failed to open stream: No such file or directory in /home1/tltsecure/apache2/htdocs/bookMaker/sourceFiles/api/isAdmin.php on line 8
[18-Dec-2019 13:06:10] PHP Notice:  Trying to get property of non-object in /home1/tltsecure/apache2/htdocs/bookMaker/sourceFiles/api/isAdmin.php on line 10
[18-Dec-2019 13:06:10] PHP Warning:  in_array() expects parameter 2 to be array, null given in /home1/tltsecure/apache2/htdocs/bookMaker/sourceFiles/api/isAdmin.php on line 10
[18-Dec-2019 13:06:10] PHP Notice:  Trying to get property of non-object in /home1/tltsecure/apache2/htdocs/bookMaker/sourceFiles/api/isAdmin.php on line 11
[18-Dec-2019 13:06:10] PHP Warning:  in_array() expects parameter 2 to be array, null given in /home1/tltsecure/apache2/htdocs/bookMaker/sourceFiles/api/isAdmin.php on line 11
[18-Dec-2019 13:06:15] PHP Warning:  file_get_contents(/home1/tltsecure/apache2/htdocs/bookMaker/BiophysicalAgentsInPhysicalTherapy/Sections/Ch1/localData/admins.json) [<a href='function.file-get-contents'>function.file-get-contents</a>]: failed to open stream: No such file or directory in /home1/tltsecure/apache2/htdocs/bookMaker/sourceFiles/api/isAdmin.php on line 8
[18-Dec-2019 13:06:15] PHP Notice:  Trying to get property of non-object in /home1/tltsecure/apache2/htdocs/bookMaker/sourceFiles/api/isAdmin.php on line 10
[18-Dec-2019 13:06:15] PHP Warning:  in_array() expects parameter 2 to be array, null given in /home1/tltsecure/apache2/htdocs/bookMaker/sourceFiles/api/isAdmin.php on line 10
[18-Dec-2019 13:06:15] PHP Notice:  Trying to get property of non-object in /home1/tltsecure/apache2/htdocs/bookMaker/sourceFiles/api/isAdmin.php on line 11
[18-Dec-2019 13:06:15] PHP Warning:  in_array() expects parameter 2 to be array, null given in /home1/tltsecure/apache2/htdocs/bookMaker/sourceFiles/api/isAdmin.php on line 11
[18-Dec-2019 13:06:16] PHP Warning:  file_get_contents(/home1/tltsecure/apache2/htdocs/bookMaker/BiophysicalAgentsInPhysicalTherapy/Sections/Ch1/localData/admins.json) [<a href='function.file-get-contents'>function.file-get-contents</a>]: failed to open stream: No such file or directory in /home1/tltsecure/apache2/htdocs/bookMaker/sourceFiles/api/isAdmin.php on line 8
[18-Dec-2019 13:06:16] PHP Notice:  Trying to get property of non-object in /home1/tltsecure/apache2/htdocs/bookMaker/sourceFiles/api/isAdmin.php on line 10
[18-Dec-2019 13:06:16] PHP Warning:  in_array() expects parameter 2 to be array, null given in /home1/tltsecure/apache2/htdocs/bookMaker/sourceFiles/api/isAdmin.php on line 10
[18-Dec-2019 13:06:16] PHP Notice:  Trying to get property of non-object in /home1/tltsecure/apache2/htdocs/bookMaker/sourceFiles/api/isAdmin.php on line 11
[18-Dec-2019 13:06:16] PHP Warning:  in_array() expects parameter 2 to be array, null given in /home1/tltsecure/apache2/htdocs/bookMaker/sourceFiles/api/isAdmin.php on line 11
[18-Dec-2019 13:06:18] PHP Warning:  file_get_contents(/home1/tltsecure/apache2/htdocs/bookMaker/BiophysicalAgentsInPhysicalTherapy/Sections/Ch1/localData/admins.json) [<a href='function.file-get-contents'>function.file-get-contents</a>]: failed to open stream: No such file or directory in /home1/tltsecure/apache2/htdocs/bookMaker/sourceFiles/api/isAdmin.php on line 8
[18-Dec-2019 13:06:18] PHP Notice:  Trying to get property of non-object in /home1/tltsecure/apache2/htdocs/bookMaker/sourceFiles/api/isAdmin.php on line 10
[18-Dec-2019 13:06:18] PHP Warning:  in_array() expects parameter 2 to be array, null given in /home1/tltsecure/apache2/htdocs/bookMaker/sourceFiles/api/isAdmin.php on line 10
[18-Dec-2019 13:06:18] PHP Notice:  Trying to get property of non-object in /home1/tltsecure/apache2/htdocs/bookMaker/sourceFiles/api/isAdmin.php on line 11
[18-Dec-2019 13:06:18] PHP Warning:  in_array() expects parameter 2 to be array, null given in /home1/tltsecure/apache2/htdocs/bookMaker/sourceFiles/api/isAdmin.php on line 11
[18-Dec-2019 13:06:18] PHP Warning:  file_get_contents(/home1/tltsecure/apache2/htdocs/bookMaker/BiophysicalAgentsInPhysicalTherapy/Sections/Ch1/localData/admins.json) [<a href='function.file-get-contents'>function.file-get-contents</a>]: failed to open stream: No such file or directory in /home1/tltsecure/apache2/htdocs/bookMaker/sourceFiles/api/isAdmin.php on line 8
[18-Dec-2019 13:06:18] PHP Notice:  Trying to get property of non-object in /home1/tltsecure/apache2/htdocs/bookMaker/sourceFiles/api/isAdmin.php on line 10
[18-Dec-2019 13:06:18] PHP Warning:  in_array() expects parameter 2 to be array, null given in /home1/tltsecure/apache2/htdocs/bookMaker/sourceFiles/api/isAdmin.php on line 10
[18-Dec-2019 13:06:18] PHP Notice:  Trying to get property of non-object in /home1/tltsecure/apache2/htdocs/bookMaker/sourceFiles/api/isAdmin.php on line 11
[18-Dec-2019 13:06:18] PHP Warning:  in_array() expects parameter 2 to be array, null given in /home1/tltsecure/apache2/htdocs/bookMaker/sourceFiles/api/isAdmin.php on line 11
[18-Dec-2019 13:06:21] PHP Warning:  file_get_contents(/home1/tltsecure/apache2/htdocs/bookMaker/BiophysicalAgentsInPhysicalTherapy/Sections/Ch1/localData/admins.json) [<a href='function.file-get-contents'>function.file-get-contents</a>]: failed to open stream: No such file or directory in /home1/tltsecure/apache2/htdocs/bookMaker/sourceFiles/api/isAdmin.php on line 8
[18-Dec-2019 13:06:21] PHP Notice:  Trying to get property of non-object in /home1/tltsecure/apache2/htdocs/bookMaker/sourceFiles/api/isAdmin.php on line 10
[18-Dec-2019 13:06:21] PHP Warning:  in_array() expects parameter 2 to be array, null given in /home1/tltsecure/apache2/htdocs/bookMaker/sourceFiles/api/isAdmin.php on line 10
[18-Dec-2019 13:06:21] PHP Notice:  Trying to get property of non-object in /home1/tltsecure/apache2/htdocs/bookMaker/sourceFiles/api/isAdmin.php on line 11
[18-Dec-2019 13:06:21] PHP Warning:  in_array() expects parameter 2 to be array, null given in /home1/tltsecure/apache2/htdocs/bookMaker/sourceFiles/api/isAdmin.php on line 11
